This is XeTeX, Version 3.141592653-2.6-0.999994 (TeX Live 2022) (preloaded format=xelatex 2022.8.2)  10 JAN 2024 23:05
entering extended mode
 restricted \write18 enabled.
 file:line:error style messages enabled.
 %&-line parsing enabled.
**e:/CODE/codes/计算智能/课程论文/elegantpaper-cn
(e:/CODE/codes/计算智能/课程论文/elegantpaper-cn.tex
LaTeX2e <2021-11-15> patch level 1
L3 programming layer <2022-02-24> (./elegantpaper.cls
Document Class: elegantpaper 2022/12/31 v0.11 ElegantLaTeX Paper class
(d:/Program Files (x86)/texlive/2022/texmf-dist/tex/latex/kvoptions/kvoptions.sty
Package: kvoptions 2020-10-07 v3.14 Key value format for package options (HO)
 (d:/Program Files (x86)/texlive/2022/texmf-dist/tex/latex/graphics/keyval.sty
Package: keyval 2014/10/28 v1.15 key=value parser (DPC)
\KV@toks@=\toks16
) (d:/Program Files (x86)/texlive/2022/texmf-dist/tex/generic/ltxcmds/ltxcmds.sty
Package: ltxcmds 2020-05-10 v1.25 LaTeX kernel commands for general use (HO)
) (d:/Program Files (x86)/texlive/2022/texmf-dist/tex/generic/kvsetkeys/kvsetkeys.sty
Package: kvsetkeys 2019/12/15 v1.18 Key value parser (HO)
)) (d:/Program Files (x86)/texlive/2022/texmf-dist/tex/latex/etoolbox/etoolbox.sty
Package: etoolbox 2020/10/05 v2.5k e-TeX tools for LaTeX (JAW)
\etb@tempcnta=\count181
) (d:/Program Files (x86)/texlive/2022/texmf-dist/tex/latex/tools/calc.sty
Package: calc 2017/05/25 v4.3 Infix arithmetic (KKT,FJ)
\calc@Acount=\count182
\calc@Bcount=\count183
\calc@Adimen=\dimen138
\calc@Bdimen=\dimen139
\calc@Askip=\skip47
\calc@Bskip=\skip48
LaTeX Info: Redefining \setlength on input line 80.
LaTeX Info: Redefining \addtolength on input line 81.
\calc@Ccount=\count184
\calc@Cskip=\skip49
) (d:/Program Files (x86)/texlive/2022/texmf-dist/tex/latex/base/article.cls
Document Class: article 2021/10/04 v1.4n Standard LaTeX document class
(d:/Program Files (x86)/texlive/2022/texmf-dist/tex/latex/base/size10.clo
File: size10.clo 2021/10/04 v1.4n Standard LaTeX file (size option)
)
\c@part=\count185
\c@section=\count186
\c@subsection=\count187
\c@subsubsection=\count188
\c@paragraph=\count189
\c@subparagraph=\count190
\c@figure=\count191
\c@table=\count192
\abovecaptionskip=\skip50
\belowcaptionskip=\skip51
\bibindent=\dimen140
) (d:/Program Files (x86)/texlive/2022/texmf-dist/tex/latex/hyperref/hyperref.sty
Package: hyperref 2022-02-21 v7.00n Hypertext links for LaTeX
 (d:/Program Files (x86)/texlive/2022/texmf-dist/tex/generic/iftex/iftex.sty
Package: iftex 2022/02/03 v1.0f TeX engine tests
) (d:/Program Files (x86)/texlive/2022/texmf-dist/tex/generic/pdftexcmds/pdftexcmds.sty
Package: pdftexcmds 2020-06-27 v0.33 Utility functions of pdfTeX for LuaTeX (HO)
 (d:/Program Files (x86)/texlive/2022/texmf-dist/tex/generic/infwarerr/infwarerr.sty
Package: infwarerr 2019/12/03 v1.5 Providing info/warning/error messages (HO)
)
Package pdftexcmds Info: \pdf@primitive is available.
Package pdftexcmds Info: \pdf@ifprimitive is available.
Package pdftexcmds Info: \pdfdraftmode not found.
) (d:/Program Files (x86)/texlive/2022/texmf-dist/tex/generic/kvdefinekeys/kvdefinekeys.sty
Package: kvdefinekeys 2019-12-19 v1.6 Define keys (HO)
) (d:/Program Files (x86)/texlive/2022/texmf-dist/tex/generic/pdfescape/pdfescape.sty
Package: pdfescape 2019/12/09 v1.15 Implements pdfTeX's escape features (HO)
) (d:/Program Files (x86)/texlive/2022/texmf-dist/tex/latex/hycolor/hycolor.sty
Package: hycolor 2020-01-27 v1.10 Color options for hyperref/bookmark (HO)
) (d:/Program Files (x86)/texlive/2022/texmf-dist/tex/latex/letltxmacro/letltxmacro.sty
Package: letltxmacro 2019/12/03 v1.6 Let assignment for LaTeX macros (HO)
) (d:/Program Files (x86)/texlive/2022/texmf-dist/tex/latex/auxhook/auxhook.sty
Package: auxhook 2019-12-17 v1.6 Hooks for auxiliary files (HO)
)
\@linkdim=\dimen141
\Hy@linkcounter=\count193
\Hy@pagecounter=\count194
 (d:/Program Files (x86)/texlive/2022/texmf-dist/tex/latex/hyperref/pd1enc.def
File: pd1enc.def 2022-02-21 v7.00n Hyperref: PDFDocEncoding definition (HO)
) (d:/Program Files (x86)/texlive/2022/texmf-dist/tex/generic/intcalc/intcalc.sty
Package: intcalc 2019/12/15 v1.3 Expandable calculations with integers (HO)
) (d:/Program Files (x86)/texlive/2022/texmf-dist/tex/generic/etexcmds/etexcmds.sty
Package: etexcmds 2019/12/15 v1.7 Avoid name clashes with e-TeX commands (HO)
)
\Hy@SavedSpaceFactor=\count195
 (d:/Program Files (x86)/texlive/2022/texmf-dist/tex/latex/hyperref/puenc.def
File: puenc.def 2022-02-21 v7.00n Hyperref: PDF Unicode definition (HO)
)
Package hyperref Info: Hyper figures OFF on input line 4137.
Package hyperref Info: Link nesting OFF on input line 4142.
Package hyperref Info: Hyper index ON on input line 4145.
Package hyperref Info: Plain pages OFF on input line 4152.
Package hyperref Info: Backreferencing OFF on input line 4157.
Package hyperref Info: Implicit mode ON; LaTeX internals redefined.
Package hyperref Info: Bookmarks ON on input line 4390.
\c@Hy@tempcnt=\count196
 (d:/Program Files (x86)/texlive/2022/texmf-dist/tex/latex/url/url.sty
\Urlmuskip=\muskip16
Package: url 2013/09/16  ver 3.4  Verb mode for urls, etc.
)
LaTeX Info: Redefining \url on input line 4749.
\XeTeXLinkMargin=\dimen142
 (d:/Program Files (x86)/texlive/2022/texmf-dist/tex/generic/bitset/bitset.sty
Package: bitset 2019/12/09 v1.3 Handle bit-vector datatype (HO)
 (d:/Program Files (x86)/texlive/2022/texmf-dist/tex/generic/bigintcalc/bigintcalc.sty
Package: bigintcalc 2019/12/15 v1.5 Expandable calculations on big integers (HO)
))
\Fld@menulength=\count197
\Field@Width=\dimen143
\Fld@charsize=\dimen144
Package hyperref Info: Hyper figures OFF on input line 6027.
Package hyperref Info: Link nesting OFF on input line 6032.
Package hyperref Info: Hyper index ON on input line 6035.
Package hyperref Info: backreferencing OFF on input line 6042.
Package hyperref Info: Link coloring OFF on input line 6047.
Package hyperref Info: Link coloring with OCG OFF on input line 6052.
Package hyperref Info: PDF/A mode OFF on input line 6057.
LaTeX Info: Redefining \ref on input line 6097.
LaTeX Info: Redefining \pageref on input line 6101.
 (d:/Program Files (x86)/texlive/2022/texmf-dist/tex/latex/base/atbegshi-ltx.sty
Package: atbegshi-ltx 2021/01/10 v1.0c Emulation of the original atbegshi
package with kernel methods
)
\Hy@abspage=\count198
\c@Item=\count199
\c@Hfootnote=\count266
)
Package hyperref Info: Driver (autodetected): hxetex.
 (d:/Program Files (x86)/texlive/2022/texmf-dist/tex/latex/hyperref/hxetex.def
File: hxetex.def 2022-02-21 v7.00n Hyperref driver for XeTeX
 (d:/Program Files (x86)/texlive/2022/texmf-dist/tex/generic/stringenc/stringenc.sty
Package: stringenc 2019/11/29 v1.12 Convert strings between diff. encodings (HO)
)
\pdfm@box=\box50
\c@Hy@AnnotLevel=\count267
\HyField@AnnotCount=\count268
\Fld@listcount=\count269
\c@bookmark@seq@number=\count270
 (d:/Program Files (x86)/texlive/2022/texmf-dist/tex/latex/rerunfilecheck/rerunfilecheck.sty
Package: rerunfilecheck 2019/12/05 v1.9 Rerun checks for auxiliary files (HO)
 (d:/Program Files (x86)/texlive/2022/texmf-dist/tex/latex/base/atveryend-ltx.sty
Package: atveryend-ltx 2020/08/19 v1.0a Emulation of the original atveryend package
with kernel methods
) (d:/Program Files (x86)/texlive/2022/texmf-dist/tex/generic/uniquecounter/uniquecounter.sty
Package: uniquecounter 2019/12/15 v1.4 Provide unlimited unique counter (HO)
)
Package uniquecounter Info: New unique counter `rerunfilecheck' on input line 286.
)
\Hy@SectionHShift=\skip52
)
Package hyperref Info: Option `colorlinks' set `true' on input line 54.
 (d:/Program Files (x86)/texlive/2022/texmf-dist/tex/latex/geometry/geometry.sty
Package: geometry 2020/01/02 v5.9 Page Geometry
 (d:/Program Files (x86)/texlive/2022/texmf-dist/tex/generic/iftex/ifvtex.sty
Package: ifvtex 2019/10/25 v1.7 ifvtex legacy package. Use iftex instead.
)
\Gm@cnth=\count271
\Gm@cntv=\count272
\c@Gm@tempcnt=\count273
\Gm@bindingoffset=\dimen145
\Gm@wd@mp=\dimen146
\Gm@odd@mp=\dimen147
\Gm@even@mp=\dimen148
\Gm@layoutwidth=\dimen149
\Gm@layoutheight=\dimen150
\Gm@layouthoffset=\dimen151
\Gm@layoutvoffset=\dimen152
\Gm@dimlist=\toks17
) (d:/Program Files (x86)/texlive/2022/texmf-dist/tex/latex/amscls/amsthm.sty
Package: amsthm 2020/05/29 v2.20.6
\thm@style=\toks18
\thm@bodyfont=\toks19
\thm@headfont=\toks20
\thm@notefont=\toks21
\thm@headpunct=\toks22
\thm@preskip=\skip53
\thm@postskip=\skip54
\thm@headsep=\skip55
\dth@everypar=\toks23
) (d:/Program Files (x86)/texlive/2022/texmf-dist/tex/latex/amsmath/amsmath.sty
Package: amsmath 2021/10/15 v2.17l AMS math features
\@mathmargin=\skip56

For additional information on amsmath, use the `?' option.
(d:/Program Files (x86)/texlive/2022/texmf-dist/tex/latex/amsmath/amstext.sty
Package: amstext 2021/08/26 v2.01 AMS text
 (d:/Program Files (x86)/texlive/2022/texmf-dist/tex/latex/amsmath/amsgen.sty
File: amsgen.sty 1999/11/30 v2.0 generic functions
\@emptytoks=\toks24
\ex@=\dimen153
)) (d:/Program Files (x86)/texlive/2022/texmf-dist/tex/latex/amsmath/amsbsy.sty
Package: amsbsy 1999/11/29 v1.2d Bold Symbols
\pmbraise@=\dimen154
) (d:/Program Files (x86)/texlive/2022/texmf-dist/tex/latex/amsmath/amsopn.sty
Package: amsopn 2021/08/26 v2.02 operator names
)
\inf@bad=\count274
LaTeX Info: Redefining \frac on input line 234.
\uproot@=\count275
\leftroot@=\count276
LaTeX Info: Redefining \overline on input line 399.
\classnum@=\count277
\DOTSCASE@=\count278
LaTeX Info: Redefining \ldots on input line 496.
LaTeX Info: Redefining \dots on input line 499.
LaTeX Info: Redefining \cdots on input line 620.
\Mathstrutbox@=\box51
\strutbox@=\box52
\big@size=\dimen155
LaTeX Font Info:    Redeclaring font encoding OML on input line 743.
LaTeX Font Info:    Redeclaring font encoding OMS on input line 744.
\macc@depth=\count279
\c@MaxMatrixCols=\count280
\dotsspace@=\muskip17
\c@parentequation=\count281
\dspbrk@lvl=\count282
\tag@help=\toks25
\row@=\count283
\column@=\count284
\maxfields@=\count285
\andhelp@=\toks26
\eqnshift@=\dimen156
\alignsep@=\dimen157
\tagshift@=\dimen158
\tagwidth@=\dimen159
\totwidth@=\dimen160
\lineht@=\dimen161
\@envbody=\toks27
\multlinegap=\skip57
\multlinetaggap=\skip58
\mathdisplay@stack=\toks28
LaTeX Info: Redefining \[ on input line 2938.
LaTeX Info: Redefining \] on input line 2939.
) (d:/Program Files (x86)/texlive/2022/texmf-dist/tex/latex/amsfonts/amssymb.sty
Package: amssymb 2013/01/14 v3.01 AMS font symbols
 (d:/Program Files (x86)/texlive/2022/texmf-dist/tex/latex/amsfonts/amsfonts.sty
Package: amsfonts 2013/01/14 v3.01 Basic AMSFonts support
\symAMSa=\mathgroup4
\symAMSb=\mathgroup5
LaTeX Font Info:    Redeclaring math symbol \hbar on input line 98.
LaTeX Font Info:    Overwriting math alphabet `\mathfrak' in version `bold'
(Font)                  U/euf/m/n --> U/euf/b/n on input line 106.
)) (d:/Program Files (x86)/texlive/2022/texmf-dist/tex/latex/tools/indentfirst.sty
Package: indentfirst 1995/11/23 v1.03 Indent first paragraph (DPC)
) (d:/Program Files (x86)/texlive/2022/texmf-dist/tex/latex/booktabs/booktabs.sty
Package: booktabs 2020/01/12 v1.61803398 Publication quality tables
\heavyrulewidth=\dimen162
\lightrulewidth=\dimen163
\cmidrulewidth=\dimen164
\belowrulesep=\dimen165
\belowbottomsep=\dimen166
\aboverulesep=\dimen167
\abovetopsep=\dimen168
\cmidrulesep=\dimen169
\cmidrulekern=\dimen170
\defaultaddspace=\dimen171
\@cmidla=\count286
\@cmidlb=\count287
\@aboverulesep=\dimen172
\@belowrulesep=\dimen173
\@thisruleclass=\count288
\@lastruleclass=\count289
\@thisrulewidth=\dimen174
) (d:/Program Files (x86)/texlive/2022/texmf-dist/tex/latex/tools/multicol.sty
Package: multicol 2021/10/28 v1.9b multicolumn formatting (FMi)
\c@tracingmulticols=\count290
\mult@box=\box53
\multicol@leftmargin=\dimen175
\c@unbalance=\count291
\c@collectmore=\count292
\doublecol@number=\count293
\multicoltolerance=\count294
\multicolpretolerance=\count295
\full@width=\dimen176
\page@free=\dimen177
\premulticols=\dimen178
\postmulticols=\dimen179
\multicolsep=\skip59
\multicolbaselineskip=\skip60
\partial@page=\box54
\last@line=\box55
\maxbalancingoverflow=\dimen180
\mult@rightbox=\box56
\mult@grightbox=\box57
\mult@firstbox=\box58
\mult@gfirstbox=\box59
\@tempa=\box60
\@tempa=\box61
\@tempa=\box62
\@tempa=\box63
\@tempa=\box64
\@tempa=\box65
\@tempa=\box66
\@tempa=\box67
\@tempa=\box68
\@tempa=\box69
\@tempa=\box70
\@tempa=\box71
\@tempa=\box72
\@tempa=\box73
\@tempa=\box74
\@tempa=\box75
\@tempa=\box76
\@tempa=\box77
\@tempa=\box78
\@tempa=\box79
\@tempa=\box80
\@tempa=\box81
\@tempa=\box82
\@tempa=\box83
\@tempa=\box84
\@tempa=\box85
\@tempa=\box86
\@tempa=\box87
\@tempa=\box88
\@tempa=\box89
\@tempa=\box90
\@tempa=\box91
\@tempa=\box92
\@tempa=\box93
\@tempa=\box94
\@tempa=\box95
\c@minrows=\count296
\c@columnbadness=\count297
\c@finalcolumnbadness=\count298
\last@try=\dimen181
\multicolovershoot=\dimen182
\multicolundershoot=\dimen183
\mult@nat@firstbox=\box96
\colbreak@box=\box97
\mc@col@check@num=\count299
) (d:/Program Files (x86)/texlive/2022/texmf-dist/tex/latex/multirow/multirow.sty
Package: multirow 2021/03/15 v2.8 Span multiple rows of a table
\multirow@colwidth=\skip61
\multirow@cntb=\count300
\multirow@dima=\skip62
\bigstrutjot=\dimen184
) (d:/Program Files (x86)/texlive/2022/texmf-dist/tex/latex/xcolor/xcolor.sty
Package: xcolor 2021/10/31 v2.13 LaTeX color extensions (UK)
 (d:/Program Files (x86)/texlive/2022/texmf-dist/tex/latex/graphics-cfg/color.cfg
File: color.cfg 2016/01/02 v1.6 sample color configuration
)
Package xcolor Info: Driver file: xetex.def on input line 227.
 (d:/Program Files (x86)/texlive/2022/texmf-dist/tex/latex/graphics-def/xetex.def
File: xetex.def 2021/03/18 v5.0k Graphics/color driver for xetex
)
Package xcolor Info: Model `cmy' substituted by `cmy0' on input line 1352.
Package xcolor Info: Model `RGB' extended on input line 1368.
Package xcolor Info: Model `HTML' substituted by `rgb' on input line 1370.
Package xcolor Info: Model `Hsb' substituted by `hsb' on input line 1371.
Package xcolor Info: Model `tHsb' substituted by `hsb' on input line 1372.
Package xcolor Info: Model `HSB' substituted by `hsb' on input line 1373.
Package xcolor Info: Model `Gray' substituted by `gray' on input line 1374.
Package xcolor Info: Model `wave' substituted by `hsb' on input line 1375.
) (d:/Program Files (x86)/texlive/2022/texmf-dist/tex/latex/graphics/graphicx.sty
Package: graphicx 2021/09/16 v1.2d Enhanced LaTeX Graphics (DPC,SPQR)
 (d:/Program Files (x86)/texlive/2022/texmf-dist/tex/latex/graphics/graphics.sty
Package: graphics 2021/03/04 v1.4d Standard LaTeX Graphics (DPC,SPQR)
 (d:/Program Files (x86)/texlive/2022/texmf-dist/tex/latex/graphics/trig.sty
Package: trig 2021/08/11 v1.11 sin cos tan (DPC)
) (d:/Program Files (x86)/texlive/2022/texmf-dist/tex/latex/graphics-cfg/graphics.cfg
File: graphics.cfg 2016/06/04 v1.11 sample graphics configuration
)
Package graphics Info: Driver file: xetex.def on input line 107.
)
\Gin@req@height=\dimen185
\Gin@req@width=\dimen186
) (d:/Program Files (x86)/texlive/2022/texmf-dist/tex/latex/fancyvrb/fancyvrb.sty
Package: fancyvrb 2021/12/21 4.1b verbatim text (tvz,hv)
\FV@CodeLineNo=\count301
\FV@InFile=\read2
\FV@TabBox=\box98
\c@FancyVerbLine=\count302
\FV@StepNumber=\count303
\FV@OutFile=\write3
) (d:/Program Files (x86)/texlive/2022/texmf-dist/tex/latex/abstract/abstract.sty
Package: abstract 2009/06/08 v1.2a configurable abstracts
\abstitleskip=\skip63
\absleftindent=\skip64
\absrightindent=\skip65
\absparindent=\skip66
\absparsep=\skip67
) (d:/Program Files (x86)/texlive/2022/texmf-dist/tex/generic/hologo/hologo.sty
Package: hologo 2021-11-16 v1.15 A logo collection with bookmark support (HO)
) (d:/Program Files (x86)/texlive/2022/texmf-dist/tex/latex/subfigure/subfigure.sty
Package: subfigure 2002/03/15 v2.1.5 subfigure package
\subfigtopskip=\skip68
\subfigcapskip=\skip69
\subfigcaptopadj=\dimen187
\subfigbottomskip=\skip70
\subfigcapmargin=\dimen188
\subfiglabelskip=\skip71
\c@subfigure=\count304
\c@lofdepth=\count305
\c@subtable=\count306
\c@lotdepth=\count307

****************************************
* Local config file subfigure.cfg used *
****************************************
(d:/Program Files (x86)/texlive/2022/texmf-dist/tex/latex/subfigure/subfigure.cfg)
\subfig@top=\skip72
\subfig@bottom=\skip73
) (d:/Program Files (x86)/texlive/2022/texmf-dist/tex/latex/listings/listings.sty
\lst@mode=\count308
\lst@gtempboxa=\box99
\lst@token=\toks29
\lst@length=\count309
\lst@currlwidth=\dimen189
\lst@column=\count310
\lst@pos=\count311
\lst@lostspace=\dimen190
\lst@width=\dimen191
\lst@newlines=\count312
\lst@lineno=\count313
\lst@maxwidth=\dimen192
 (d:/Program Files (x86)/texlive/2022/texmf-dist/tex/latex/listings/lstmisc.sty
File: lstmisc.sty 2020/03/24 1.8d (Carsten Heinz)
\c@lstnumber=\count314
\lst@skipnumbers=\count315
\lst@framebox=\box100
) (d:/Program Files (x86)/texlive/2022/texmf-dist/tex/latex/listings/listings.cfg
File: listings.cfg 2020/03/24 1.8d listings configuration
))
Package: listings 2020/03/24 1.8d (Carsten Heinz)
 (d:/Program Files (x86)/texlive/2022/texmf-dist/tex/latex/setspace/setspace.sty
Package: setspace 2011/12/19 v6.7a set line spacing
) (d:/Program Files (x86)/texlive/2022/texmf-dist/tex/latex/algorithm2e/algorithm2e.sty
Invalid UTF-8 byte or sequence at line 284 replaced by U+FFFD.
Invalid UTF-8 byte or sequence at line 299 replaced by U+FFFD.
Invalid UTF-8 byte or sequence at line 550 replaced by U+FFFD.
Package: algorithm2e 2017/07/18 v5.2 algorithms environments
\c@AlgoLine=\count316
 (d:/Program Files (x86)/texlive/2022/texmf-dist/tex/latex/base/ifthen.sty
Package: ifthen 2020/11/24 v1.1c Standard LaTeX ifthen package (DPC)
)
\algocf@hangindent=\skip74
 (d:/Program Files (x86)/texlive/2022/texmf-dist/tex/latex/ifoddpage/ifoddpage.sty
Package: ifoddpage 2016/04/23 v1.1 Conditionals for odd/even page detection
\c@checkoddpage=\count317
) (d:/Program Files (x86)/texlive/2022/texmf-dist/tex/latex/tools/xspace.sty
Package: xspace 2014/10/28 v1.13 Space after command names (DPC,MH)
) (d:/Program Files (x86)/texlive/2022/texmf-dist/tex/latex/relsize/relsize.sty
Package: relsize 2013/03/29 ver 4.1
)
\skiptotal=\skip75
\skiplinenumber=\skip76
\skiprule=\skip77
\skiphlne=\skip78
\skiptext=\skip79
\skiplength=\skip80
\algomargin=\skip81
\skipalgocfslide=\skip82
\algowidth=\dimen193
\inoutsize=\dimen194
\inoutindent=\dimen195
\interspacetitleruled=\dimen196
\interspacealgoruled=\dimen197
\interspacetitleboxruled=\dimen198
\algocf@ruledwidth=\skip83
\algocf@inoutbox=\box101
\algocf@inputbox=\box102
\AlCapSkip=\skip84
\AlCapHSkip=\skip85
\algoskipindent=\skip86
\algocf@nlbox=\box103
\algocf@hangingbox=\box104
\algocf@untilbox=\box105
\algocf@skipuntil=\skip87
\algocf@capbox=\box106
\algocf@lcaptionbox=\skip88
\algoheightruledefault=\skip89
\algoheightrule=\skip90
\algotitleheightruledefault=\skip91
\algotitleheightrule=\skip92
\c@algocfline=\count318
\c@algocfproc=\count319
\c@algocf=\count320
\algocf@algoframe=\box107
\algocf@algobox=\box108
) (d:/Program Files (x86)/texlive/2022/texmf-dist/tex/latex/caption/caption.sty
Package: caption 2022/03/01 v3.6b Customizing captions (AR)
 (d:/Program Files (x86)/texlive/2022/texmf-dist/tex/latex/caption/caption3.sty
Package: caption3 2022/03/17 v2.3b caption3 kernel (AR)
\caption@tempdima=\dimen199
\captionmargin=\dimen256
\caption@leftmargin=\dimen257
\caption@rightmargin=\dimen258
\caption@width=\dimen259
\caption@indent=\dimen260
\caption@parindent=\dimen261
\caption@hangindent=\dimen262
Package caption Info: Standard document class detected.
)
\c@caption@flags=\count321
\c@continuedfloat=\count322
Package caption Info: hyperref package is loaded.
Package caption Info: listings package is loaded.
Package caption Info: subfigure package is loaded.
) (d:/Program Files (x86)/texlive/2022/texmf-dist/tex/latex/enumitem/enumitem.sty
Package: enumitem 2019/06/20 v3.9 Customized lists
\labelindent=\skip93
\enit@outerparindent=\dimen263
\enit@toks=\toks30
\enit@inbox=\box109
\enit@count@id=\count323
\enitdp@description=\count324
) (d:/Program Files (x86)/texlive/2022/texmf-dist/tex/latex/fontspec/fontspec.sty (d:/Program Files (x86)/texlive/2022/texmf-dist/tex/latex/l3packages/xparse/xparse.sty (d:/Program Files (x86)/texlive/2022/texmf-dist/tex/latex/l3kernel/expl3.sty
Package: expl3 2022-02-24 L3 programming layer (loader) 
 (d:/Program Files (x86)/texlive/2022/texmf-dist/tex/latex/l3backend/l3backend-xetex.def
File: l3backend-xetex.def 2022-02-07 L3 backend support: XeTeX
 (|extractbb --version)
\c__kernel_sys_dvipdfmx_version_int=\count325
\l__color_backend_stack_int=\count326
\g__color_backend_stack_int=\count327
\g__graphics_track_int=\count328
\l__pdf_internal_box=\box110
\g__pdf_backend_object_int=\count329
\g__pdf_backend_annotation_int=\count330
\g__pdf_backend_link_int=\count331
))
Package: xparse 2022-01-12 L3 Experimental document command parser
)
Package: fontspec 2022/01/15 v2.8a Font selection for XeLaTeX and LuaLaTeX
 (d:/Program Files (x86)/texlive/2022/texmf-dist/tex/latex/fontspec/fontspec-xetex.sty
Package: fontspec-xetex 2022/01/15 v2.8a Font selection for XeLaTeX and LuaLaTeX
\l__fontspec_script_int=\count332
\l__fontspec_language_int=\count333
\l__fontspec_strnum_int=\count334
\l__fontspec_tmp_int=\count335
\l__fontspec_tmpa_int=\count336
\l__fontspec_tmpb_int=\count337
\l__fontspec_tmpc_int=\count338
\l__fontspec_em_int=\count339
\l__fontspec_emdef_int=\count340
\l__fontspec_strong_int=\count341
\l__fontspec_strongdef_int=\count342
\l__fontspec_tmpa_dim=\dimen264
\l__fontspec_tmpb_dim=\dimen265
\l__fontspec_tmpc_dim=\dimen266
 (d:/Program Files (x86)/texlive/2022/texmf-dist/tex/latex/base/fontenc.sty
Package: fontenc 2021/04/29 v2.0v Standard LaTeX package
) (d:/Program Files (x86)/texlive/2022/texmf-dist/tex/latex/fontspec/fontspec.cfg)))
LaTeX Font Info:    Font shape `TU/texgyretermes(0)/m/n' will be
(Font)              scaled to size 10.0pt on input line 125.
 (d:/Program Files (x86)/texlive/2022/texmf-dist/tex/latex/ctex/ctex.sty
Package: ctex 2021/12/12 v2.5.8 Chinese adapter in LaTeX (CTEX)
 (d:/Program Files (x86)/texlive/2022/texmf-dist/tex/latex/l3packages/l3keys2e/l3keys2e.sty
Package: l3keys2e 2022-01-12 LaTeX2e option processing using LaTeX3 keys
) (d:/Program Files (x86)/texlive/2022/texmf-dist/tex/latex/ctex/ctexhook.sty
Package: ctexhook 2021/12/12 v2.5.8 Document and package hooks (CTEX)
) (d:/Program Files (x86)/texlive/2022/texmf-dist/tex/latex/ctex/ctexpatch.sty
Package: ctexpatch 2021/12/12 v2.5.8 Patching commands (CTEX)
) (d:/Program Files (x86)/texlive/2022/texmf-dist/tex/latex/base/fix-cm.sty
Package: fix-cm 2020/11/24 v1.1t fixes to LaTeX
 (d:/Program Files (x86)/texlive/2022/texmf-dist/tex/latex/base/ts1enc.def
File: ts1enc.def 2001/06/05 v3.0e (jk/car/fm) Standard LaTeX file
LaTeX Font Info:    Redeclaring font encoding TS1 on input line 47.
))
\l__ctex_tmp_int=\count343
\l__ctex_tmp_box=\box111
\l__ctex_tmp_dim=\dimen267
\g__ctex_section_depth_int=\count344
\g__ctex_font_size_int=\count345
 (d:/Program Files (x86)/texlive/2022/texmf-dist/tex/latex/ctex/config/ctexopts.cfg
File: ctexopts.cfg 2021/12/12 v2.5.8 Option configuration file (CTEX)
) (d:/Program Files (x86)/texlive/2022/texmf-dist/tex/latex/ctex/engine/ctex-engine-xetex.def
File: ctex-engine-xetex.def 2021/12/12 v2.5.8 XeLaTeX adapter (CTEX)
 (d:/Program Files (x86)/texlive/2022/texmf-dist/tex/xelatex/xecjk/xeCJK.sty
Package: xeCJK 2021/12/12 v3.8.8 Typesetting CJK scripts with XeLaTeX
 (d:/Program Files (x86)/texlive/2022/texmf-dist/tex/latex/l3packages/xtemplate/xtemplate.sty
Package: xtemplate 2022-01-12 L3 Experimental prototype document functions
\l__xtemplate_tmp_dim=\dimen268
\l__xtemplate_tmp_int=\count346
\l__xtemplate_tmp_muskip=\muskip18
\l__xtemplate_tmp_skip=\skip94
)
\l__xeCJK_tmp_int=\count347
\l__xeCJK_tmp_box=\box112
\l__xeCJK_tmp_dim=\dimen269
\l__xeCJK_tmp_skip=\skip95
\g__xeCJK_space_factor_int=\count348
\l__xeCJK_begin_int=\count349
\l__xeCJK_end_int=\count350
\c__xeCJK_CJK_class_int=\XeTeXcharclass1
\c__xeCJK_FullLeft_class_int=\XeTeXcharclass2
\c__xeCJK_FullRight_class_int=\XeTeXcharclass3
\c__xeCJK_HalfLeft_class_int=\XeTeXcharclass4
\c__xeCJK_HalfRight_class_int=\XeTeXcharclass5
\c__xeCJK_NormalSpace_class_int=\XeTeXcharclass6
\c__xeCJK_CM_class_int=\XeTeXcharclass7
\c__xeCJK_HangulJamo_class_int=\XeTeXcharclass8
\l__xeCJK_last_skip=\skip96
\g__xeCJK_node_int=\count351
\c__xeCJK_CJK_node_dim=\dimen270
\c__xeCJK_CJK-space_node_dim=\dimen271
\c__xeCJK_default_node_dim=\dimen272
\c__xeCJK_default-space_node_dim=\dimen273
\c__xeCJK_CJK-widow_node_dim=\dimen274
\c__xeCJK_normalspace_node_dim=\dimen275
\l__xeCJK_ccglue_skip=\skip97
\l__xeCJK_ecglue_skip=\skip98
\l__xeCJK_punct_kern_skip=\skip99
\l__xeCJK_last_penalty_int=\count352
\l__xeCJK_last_bound_dim=\dimen276
\l__xeCJK_last_kern_dim=\dimen277
\l__xeCJK_widow_penalty_int=\count353

Package xtemplate Info: Declaring object type 'xeCJK/punctuation' taking 0
(xtemplate)             argument(s) on line 2337.

\l__xeCJK_fixed_punct_width_dim=\dimen278
\l__xeCJK_mixed_punct_width_dim=\dimen279
\l__xeCJK_middle_punct_width_dim=\dimen280
\l__xeCJK_fixed_margin_width_dim=\dimen281
\l__xeCJK_mixed_margin_width_dim=\dimen282
\l__xeCJK_middle_margin_width_dim=\dimen283
\l__xeCJK_bound_punct_width_dim=\dimen284
\l__xeCJK_bound_margin_width_dim=\dimen285
\l__xeCJK_margin_minimum_dim=\dimen286
\l__xeCJK_kerning_total_width_dim=\dimen287
\l__xeCJK_same_align_margin_dim=\dimen288
\l__xeCJK_different_align_margin_dim=\dimen289
\l__xeCJK_kerning_margin_width_dim=\dimen290
\l__xeCJK_kerning_margin_minimum_dim=\dimen291
\l__xeCJK_bound_dim=\dimen292
\l__xeCJK_reverse_bound_dim=\dimen293
\l__xeCJK_margin_dim=\dimen294
\l__xeCJK_minimum_bound_dim=\dimen295
\l__xeCJK_kerning_margin_dim=\dimen296
\g__xeCJK_family_int=\count354
\l__xeCJK_fam_int=\count355
\g__xeCJK_fam_allocation_int=\count356
\l__xeCJK_verb_case_int=\count357
\l__xeCJK_verb_exspace_skip=\skip100
 (d:/Program Files (x86)/texlive/2022/texmf-dist/tex/xelatex/xecjk/xeCJK-listings.sty
Package: xeCJK-listings 2021/12/12 v3.8.8 xeCJK patch file for listings
\l__xeCJK_listings_max_char_int=\count358
\l__xeCJK_listings_flag_int=\count359
) (d:/Program Files (x86)/texlive/2022/texmf-dist/tex/xelatex/xecjk/xeCJK.cfg
File: xeCJK.cfg 2021/12/12 v3.8.8 Configuration file for xeCJK package
))
\ccwd=\dimen297
\l__ctex_ccglue_skip=\skip101
)
\l__ctex_ziju_dim=\dimen298
 (d:/Program Files (x86)/texlive/2022/texmf-dist/tex/latex/zhnumber/zhnumber.sty
Package: zhnumber 2020/05/01 v2.8 Typesetting numbers with Chinese glyphs
\l__zhnum_scale_int=\count360
 (d:/Program Files (x86)/texlive/2022/texmf-dist/tex/latex/zhnumber/zhnumber-utf8.cfg
File: zhnumber-utf8.cfg 2020/05/01 v2.8 Chinese numerals with UTF8 encoding
)) (d:/Program Files (x86)/texlive/2022/texmf-dist/tex/latex/ctex/scheme/ctex-scheme-plain.def
File: ctex-scheme-plain.def 2021/12/12 v2.5.8 Plain scheme for generic (CTEX)
) (d:/Program Files (x86)/texlive/2022/texmf-dist/tex/latex/ctex/fontset/ctex-fontset-windows.def
File: ctex-fontset-windows.def 2021/12/12 v2.5.8 Windows fonts definition (CTEX)
)) (d:/Program Files (x86)/texlive/2022/texmf-dist/tex/latex/ctex/config/ctex.cfg
File: ctex.cfg 2021/12/12 v2.5.8 Configuration file (CTEX)
) (d:/Program Files (x86)/texlive/2022/texmf-dist/tex/latex/newtx/newtxmath.sty
Package: newtxmath 2022/01/16 v1.71
 `newtxmath' v1.71, 2022/01/16 Math macros based originally on txfonts (msharpe) (d:/Program Files (x86)/texlive/2022/texmf-dist/tex/generic/iftex/ifxetex.sty
Package: ifxetex 2019/10/25 v0.7 ifxetex legacy package. Use iftex instead.
) (d:/Program Files (x86)/texlive/2022/texmf-dist/tex/generic/iftex/ifluatex.sty
Package: ifluatex 2019/10/25 v1.5 ifluatex legacy package. Use iftex instead.
) (d:/Program Files (x86)/texlive/2022/texmf-dist/tex/latex/xkeyval/xkeyval.sty
Package: xkeyval 2020/11/20 v2.8 package option processing (HA)
 (d:/Program Files (x86)/texlive/2022/texmf-dist/tex/generic/xkeyval/xkeyval.tex (d:/Program Files (x86)/texlive/2022/texmf-dist/tex/generic/xkeyval/xkvutils.tex
\XKV@toks=\toks31
\XKV@tempa@toks=\toks32
)
\XKV@depth=\count361
File: xkeyval.tex 2014/12/03 v2.7a key=value parser (HA)
)) (d:/Program Files (x86)/texlive/2022/texmf-dist/tex/latex/oberdiek/centernot.sty
Package: centernot 2016/05/16 v1.4 Centers the not symbol horizontally (HO)
)
\tx@cntz=\count362
 (d:/Program Files (x86)/texlive/2022/texmf-dist/tex/generic/kastrup/binhex.tex)
\tx@Isdigit=\count363
\tx@IsAlNum=\count364
\tx@tA=\toks33
\tx@tB=\toks34
\tx@su=\read3

amsthm NOT loaded
LaTeX Font Info:    Redeclaring symbol font `operators' on input line 376.
LaTeX Font Info:    Overwriting symbol font `operators' in version `normal'
(Font)                  OT1/cmr/m/n --> OT1/texgyretermes(0)/m/n on input line 376.
LaTeX Font Info:    Overwriting symbol font `operators' in version `bold'
(Font)                  OT1/cmr/bx/n --> OT1/texgyretermes(0)/m/n on input line 376.
LaTeX Font Info:    Overwriting symbol font `operators' in version `bold'
(Font)                  OT1/texgyretermes(0)/m/n --> OT1/texgyretermes(0)/b/n on input line 377.
LaTeX Font Info:    Redeclaring math alphabet \mathsf on input line 383.
LaTeX Font Info:    Overwriting math alphabet `\mathsf' in version `normal'
(Font)                  OT1/cmss/m/n --> TU/texgyreheros(0)/m/n on input line 383.
LaTeX Font Info:    Overwriting math alphabet `\mathsf' in version `bold'
(Font)                  OT1/cmss/bx/n --> TU/texgyreheros(0)/m/n on input line 383.
LaTeX Font Info:    Redeclaring math alphabet \mathit on input line 384.
LaTeX Font Info:    Overwriting math alphabet `\mathit' in version `normal'
(Font)                  OT1/cmr/m/it --> OT1/texgyretermes(0)/m/it on input line 384.
LaTeX Font Info:    Overwriting math alphabet `\mathit' in version `bold'
(Font)                  OT1/cmr/bx/it --> OT1/texgyretermes(0)/m/it on input line 384.
LaTeX Font Info:    Redeclaring math alphabet \mathtt on input line 385.
LaTeX Font Info:    Overwriting math alphabet `\mathtt' in version `normal'
(Font)                  OT1/cmtt/m/n --> TU/lmtt/m/n on input line 385.
LaTeX Font Info:    Overwriting math alphabet `\mathtt' in version `bold'
(Font)                  OT1/cmtt/m/n --> TU/lmtt/m/n on input line 385.
LaTeX Font Info:    Redeclaring math alphabet \mathbf on input line 387.
LaTeX Font Info:    Overwriting math alphabet `\mathbf' in version `normal'
(Font)                  OT1/cmr/bx/n --> OT1/texgyretermes(0)/b/n on input line 387.
LaTeX Font Info:    Overwriting math alphabet `\mathbf' in version `bold'
(Font)                  OT1/cmr/bx/n --> OT1/texgyretermes(0)/b/n on input line 387.
LaTeX Font Info:    Overwriting math alphabet `\mathit' in version `bold'
(Font)                  OT1/texgyretermes(0)/m/it --> OT1/texgyretermes(0)/b/it on input line 388.
LaTeX Font Info:    Overwriting math alphabet `\mathsf' in version `bold'
(Font)                  TU/texgyreheros(0)/m/n --> TU/texgyreheros(0)/b/n on input line 389.
LaTeX Font Info:    Overwriting math alphabet `\mathtt' in version `bold'
(Font)                  TU/lmtt/m/n --> TU/lmtt/b/n on input line 390.
LaTeX Font Info:    Redeclaring symbol font `letters' on input line 491.
LaTeX Font Info:    Overwriting symbol font `letters' in version `normal'
(Font)                  OML/cmm/m/it --> OML/ntxmi/m/it on input line 491.
LaTeX Font Info:    Overwriting symbol font `letters' in version `bold'
(Font)                  OML/cmm/b/it --> OML/ntxmi/m/it on input line 491.
LaTeX Font Info:    Overwriting symbol font `letters' in version `bold'
(Font)                  OML/ntxmi/m/it --> OML/ntxmi/b/it on input line 492.
\symlettersA=\mathgroup6
LaTeX Font Info:    Overwriting symbol font `lettersA' in version `bold'
(Font)                  U/ntxmia/m/it --> U/ntxmia/b/it on input line 547.
LaTeX Font Info:    Redeclaring math alphabet \mathfrak on input line 549.
LaTeX Font Info:    Redeclaring symbol font `symbols' on input line 568.
LaTeX Font Info:    Encoding `OMS' has changed to `LMS' for symbol font
(Font)              `symbols' in the math version `normal' on input line 568.
LaTeX Font Info:    Overwriting symbol font `symbols' in version `normal'
(Font)                  OMS/cmsy/m/n --> LMS/ntxsy/m/n on input line 568.
LaTeX Font Info:    Encoding `OMS' has changed to `LMS' for symbol font
(Font)              `symbols' in the math version `bold' on input line 568.
LaTeX Font Info:    Overwriting symbol font `symbols' in version `bold'
(Font)                  OMS/cmsy/b/n --> LMS/ntxsy/m/n on input line 568.
LaTeX Font Info:    Overwriting symbol font `symbols' in version `bold'
(Font)                  LMS/ntxsy/m/n --> LMS/ntxsy/b/n on input line 569.
\symAMSm=\mathgroup7
LaTeX Font Info:    Overwriting symbol font `AMSm' in version `bold'
(Font)                  U/ntxsym/m/n --> U/ntxsym/b/n on input line 594.
\symsymbolsC=\mathgroup8
LaTeX Font Info:    Overwriting symbol font `symbolsC' in version `bold'
(Font)                  U/ntxsyc/m/n --> U/ntxsyc/b/n on input line 615.
LaTeX Font Info:    Redeclaring symbol font `largesymbols' on input line 628.
LaTeX Font Info:    Encoding `OMX' has changed to `LMX' for symbol font
(Font)              `largesymbols' in the math version `normal' on input line 628.
LaTeX Font Info:    Overwriting symbol font `largesymbols' in version `normal'
(Font)                  OMX/cmex/m/n --> LMX/ntxexx/m/n on input line 628.
LaTeX Font Info:    Encoding `OMX' has changed to `LMX' for symbol font
(Font)              `largesymbols' in the math version `bold' on input line 628.
LaTeX Font Info:    Overwriting symbol font `largesymbols' in version `bold'
(Font)                  OMX/cmex/m/n --> LMX/ntxexx/m/n on input line 628.
LaTeX Font Info:    Overwriting symbol font `largesymbols' in version `bold'
(Font)                  LMX/ntxexx/m/n --> LMX/ntxexx/b/n on input line 629.
\symlargesymbolsTXA=\mathgroup9
LaTeX Font Info:    Overwriting symbol font `largesymbolsTXA' in version `bold'
(Font)                  U/ntxexa/m/n --> U/ntxexa/b/n on input line 643.
\tx@sbptoks=\toks35
LaTeX Font Info:    Redeclaring math delimiter \lfloor on input line 866.
LaTeX Font Info:    Redeclaring math delimiter \rfloor on input line 867.
LaTeX Font Info:    Redeclaring math delimiter \lceil on input line 868.
LaTeX Font Info:    Redeclaring math delimiter \rceil on input line 869.
LaTeX Font Info:    Redeclaring math delimiter \lbrace on input line 870.
LaTeX Font Info:    Redeclaring math delimiter \rbrace on input line 871.
LaTeX Font Info:    Redeclaring math delimiter \langle on input line 872.
LaTeX Font Info:    Redeclaring math delimiter \rangle on input line 874.
LaTeX Font Info:    Redeclaring math delimiter \arrowvert on input line 878.
LaTeX Font Info:    Redeclaring math delimiter \vert on input line 879.
LaTeX Font Info:    Redeclaring math accent \dot on input line 950.
LaTeX Font Info:    Redeclaring math accent \ddot on input line 951.
LaTeX Font Info:    Redeclaring math accent \vec on input line 2020.
LaTeX Info: Redefining \Bbbk on input line 2810.
LaTeX Info: Redefining \not on input line 2959.
LaTeX Info: Redefining \textsquare on input line 2989.
LaTeX Info: Redefining \openbox on input line 2991.
) (d:/Program Files (x86)/texlive/2022/texmf-dist/tex/latex/esint/esint.sty
Package: esint 
\symlargesymbolsA=\mathgroup10
)
\symCMlargesymbols=\mathgroup11
 (d:/Program Files (x86)/texlive/2022/texmf-dist/tex/latex/biblatex/biblatex.sty
Package: biblatex 2022/02/02 v3.17 programmable bibliographies (PK/MW)
 (d:/Program Files (x86)/texlive/2022/texmf-dist/tex/latex/logreq/logreq.sty
Package: logreq 2010/08/04 v1.0 xml request logger
\lrq@indent=\count365
 (d:/Program Files (x86)/texlive/2022/texmf-dist/tex/latex/logreq/logreq.def
File: logreq.def 2010/08/04 v1.0 logreq spec v1.0
))
\c@tabx@nest=\count366
\c@listtotal=\count367
\c@listcount=\count368
\c@liststart=\count369
\c@liststop=\count370
\c@citecount=\count371
\c@citetotal=\count372
\c@multicitecount=\count373
\c@multicitetotal=\count374
\c@instcount=\count375
\c@maxnames=\count376
\c@minnames=\count377
\c@maxitems=\count378
\c@minitems=\count379
\c@citecounter=\count380
\c@maxcitecounter=\count381
\c@savedcitecounter=\count382
\c@uniquelist=\count383
\c@uniquename=\count384
\c@refsection=\count385
\c@refsegment=\count386
\c@maxextratitle=\count387
\c@maxextratitleyear=\count388
\c@maxextraname=\count389
\c@maxextradate=\count390
\c@maxextraalpha=\count391
\c@abbrvpenalty=\count392
\c@highnamepenalty=\count393
\c@lownamepenalty=\count394
\c@maxparens=\count395
\c@parenlevel=\count396
\blx@tempcnta=\count397
\blx@tempcntb=\count398
\blx@tempcntc=\count399
\c@blx@maxsection=\count400
\c@blx@maxsegment@0=\count401
\blx@notetype=\count402
\blx@parenlevel@text=\count403
\blx@parenlevel@foot=\count404
\c@blx@sectionciteorder@0=\count405
\blx@entrysetcounter=\count406
\blx@biblioinstance=\count407
\labelnumberwidth=\skip102
\labelalphawidth=\skip103
\biblabelsep=\skip104
\bibitemsep=\skip105
\bibnamesep=\skip106
\bibinitsep=\skip107
\bibparsep=\skip108
\bibhang=\skip109
\blx@bcfin=\read4
\blx@bcfout=\write4
\blx@langwohyphens=\language87
\c@mincomprange=\count408
\c@maxcomprange=\count409
\c@mincompwidth=\count410
Package biblatex Info: Trying to load biblatex default data model...
Package biblatex Info: ... file 'blx-dm.def' found.
 (d:/Program Files (x86)/texlive/2022/texmf-dist/tex/latex/biblatex/blx-dm.def
File: blx-dm.def 2022/02/02 v3.17 biblatex localization (PK/MW)
)
Package biblatex Info: Trying to load biblatex citestyle data model...
Package biblatex Info: ... file 'numeric-comp.dbx' not found.
Package biblatex Info: Trying to load biblatex bibstyle data model...
Package biblatex Info: ... file 'numeric.dbx' not found.
Package biblatex Info: Trying to load biblatex custom data model...
Package biblatex Info: ... file 'biblatex-dm.cfg' not found.
\c@afterword=\count411
\c@savedafterword=\count412
\c@annotator=\count413
\c@savedannotator=\count414
\c@author=\count415
\c@savedauthor=\count416
\c@bookauthor=\count417
\c@savedbookauthor=\count418
\c@commentator=\count419
\c@savedcommentator=\count420
\c@editor=\count421
\c@savededitor=\count422
\c@editora=\count423
\c@savededitora=\count424
\c@editorb=\count425
\c@savededitorb=\count426
\c@editorc=\count427
\c@savededitorc=\count428
\c@foreword=\count429
\c@savedforeword=\count430
\c@holder=\count431
\c@savedholder=\count432
\c@introduction=\count433
\c@savedintroduction=\count434
\c@namea=\count435
\c@savednamea=\count436
\c@nameb=\count437
\c@savednameb=\count438
\c@namec=\count439
\c@savednamec=\count440
\c@translator=\count441
\c@savedtranslator=\count442
\c@shortauthor=\count443
\c@savedshortauthor=\count444
\c@shorteditor=\count445
\c@savedshorteditor=\count446
\c@labelname=\count447
\c@savedlabelname=\count448
\c@institution=\count449
\c@savedinstitution=\count450
\c@lista=\count451
\c@savedlista=\count452
\c@listb=\count453
\c@savedlistb=\count454
\c@listc=\count455
\c@savedlistc=\count456
\c@listd=\count457
\c@savedlistd=\count458
\c@liste=\count459
\c@savedliste=\count460
\c@listf=\count461
\c@savedlistf=\count462
\c@location=\count463
\c@savedlocation=\count464
\c@organization=\count465
\c@savedorganization=\count466
\c@origlocation=\count467
\c@savedoriglocation=\count468
\c@origpublisher=\count469
\c@savedorigpublisher=\count470
\c@publisher=\count471
\c@savedpublisher=\count472
\c@language=\count473
\c@savedlanguage=\count474
\c@origlanguage=\count475
\c@savedoriglanguage=\count476
\c@pageref=\count477
\c@savedpageref=\count478
\shorthandwidth=\skip110
\shortjournalwidth=\skip111
\shortserieswidth=\skip112
\shorttitlewidth=\skip113
\shortauthorwidth=\skip114
\shorteditorwidth=\skip115
\locallabelnumberwidth=\skip116
\locallabelalphawidth=\skip117
\localshorthandwidth=\skip118
\localshortjournalwidth=\skip119
\localshortserieswidth=\skip120
\localshorttitlewidth=\skip121
\localshortauthorwidth=\skip122
\localshorteditorwidth=\skip123
Package biblatex Info: Trying to load enhanced support for Unicode engines...
Package biblatex Info: ... file 'blx-unicode.def' found.
 (d:/Program Files (x86)/texlive/2022/texmf-dist/tex/latex/biblatex/blx-unicode.def)
Package biblatex Info: Trying to load compatibility code...
Package biblatex Info: ... file 'blx-compat.def' found.
 (d:/Program Files (x86)/texlive/2022/texmf-dist/tex/latex/biblatex/blx-compat.def
File: blx-compat.def 2022/02/02 v3.17 biblatex compatibility (PK/MW)
)
Package biblatex Info: Trying to load BibTeX backend compatibility...
Package biblatex Info: ... file 'blx-bibtex.def' found.
 (d:/Program Files (x86)/texlive/2022/texmf-dist/tex/latex/biblatex/blx-bibtex.def
File: blx-bibtex.def 2022/02/02 v3.17 biblatex compatibility (PK/MW)


Package biblatex Warning: Using fall-back BibTeX(8) backend:
(biblatex)                functionality may be reduced/unavailable.

)
Package biblatex Info: Trying to load generic definitions...
Package biblatex Info: ... file 'biblatex.def' found.
 (d:/Program Files (x86)/texlive/2022/texmf-dist/tex/latex/biblatex/biblatex.def
File: biblatex.def 2022/02/02 v3.17 biblatex compatibility (PK/MW)
\c@textcitecount=\count479
\c@textcitetotal=\count480
\c@textcitemaxnames=\count481
\c@biburlbigbreakpenalty=\count482
\c@biburlbreakpenalty=\count483
\c@biburlnumpenalty=\count484
\c@biburlucpenalty=\count485
\c@biburllcpenalty=\count486
\biburlbigskip=\muskip19
\biburlnumskip=\muskip20
\biburlucskip=\muskip21
\biburllcskip=\muskip22
\c@smartand=\count487
)
Package biblatex Info: Trying to load bibliography style 'numeric'...
Package biblatex Info: ... file 'numeric.bbx' found.
 (d:/Program Files (x86)/texlive/2022/texmf-dist/tex/latex/biblatex/bbx/numeric.bbx
File: numeric.bbx 2022/02/02 v3.17 biblatex bibliography style (PK/MW)
Package biblatex Info: Trying to load bibliography style 'standard'...
Package biblatex Info: ... file 'standard.bbx' found.
 (d:/Program Files (x86)/texlive/2022/texmf-dist/tex/latex/biblatex/bbx/standard.bbx
File: standard.bbx 2022/02/02 v3.17 biblatex bibliography style (PK/MW)
\c@bbx:relatedcount=\count488
\c@bbx:relatedtotal=\count489
))
Package biblatex Info: Trying to load citation style 'numeric-comp'...
Package biblatex Info: ... file 'numeric-comp.cbx' found.
 (d:/Program Files (x86)/texlive/2022/texmf-dist/tex/latex/biblatex/cbx/numeric-comp.cbx
File: numeric-comp.cbx 2022/02/02 v3.17 biblatex citation style (PK/MW)
\c@cbx@tempcnta=\count490
\c@cbx@tempcntb=\count491
\c@cbx@tempcntc=\count492
\c@cbx@tempcntd=\count493
Package biblatex Info: Redefining '\cite'.
Package biblatex Info: Redefining '\parencite'.
Package biblatex Info: Redefining '\footcite'.
Package biblatex Info: Redefining '\footcitetext'.
Package biblatex Info: Redefining '\smartcite'.
Package biblatex Info: Redefining '\supercite'.
Package biblatex Info: Redefining '\textcite'.
Package biblatex Info: Redefining '\textcites'.
Package biblatex Info: Redefining '\cites'.
Package biblatex Info: Redefining '\parencites'.
Package biblatex Info: Redefining '\smartcites'.
)
Package biblatex Info: Trying to load configuration file...
Package biblatex Info: ... file 'biblatex.cfg' found.
 (d:/Program Files (x86)/texlive/2022/texmf-dist/tex/latex/biblatex/biblatex.cfg
File: biblatex.cfg 
)
Package biblatex Info: XeTeX detected.
(biblatex)             Assuming input encoding 'utf8'.
Package biblatex Info: Document encoding is UTF8 ....
Package biblatex Info: ... and expl3
(biblatex)             2022-02-24 L3 programming layer (loader) 
(biblatex)             is new enough (at least 2020/04/06),
(biblatex)             setting 'casechanger=expl3'.
 (d:/Program Files (x86)/texlive/2022/texmf-dist/tex/latex/biblatex/blx-case-expl3.sty
Package: blx-case-expl3 2022/02/02 v3.17 expl3 case changing code for biblatex
)) (d:/Program Files (x86)/texlive/2022/texmf-dist/tex/latex/appendix/appendix.sty
Package: appendix 2020/02/08 v1.2c extra appendix facilities
\c@@pps=\count494
\c@@ppsavesec=\count495
\c@@ppsaveapp=\count496
)
\c@theorem=\count497
\c@definition=\count498
\c@conjecture=\count499
\c@example=\count500
\c@case=\count501
\version=\toks36
\institute=\toks37
 (d:/Program Files (x86)/texlive/2022/texmf-dist/tex/latex/listings/lstlang1.sty
File: lstlang1.sty 2020/03/24 1.8d listings language file
) (d:/Program Files (x86)/texlive/2022/texmf-dist/tex/latex/listings/lstlang2.sty
File: lstlang2.sty 2020/03/24 1.8d listings language file
) (d:/Program Files (x86)/texlive/2022/texmf-dist/tex/latex/listings/lstlang3.sty
File: lstlang3.sty 2020/03/24 1.8d listings language file
) (d:/Program Files (x86)/texlive/2022/texmf-dist/tex/latex/listings/lstlang1.sty
File: lstlang1.sty 2020/03/24 1.8d listings language file
) (d:/Program Files (x86)/texlive/2022/texmf-dist/tex/latex/listings/lstlang2.sty
File: lstlang2.sty 2020/03/24 1.8d listings language file
) (d:/Program Files (x86)/texlive/2022/texmf-dist/tex/latex/listings/lstlang3.sty
File: lstlang3.sty 2020/03/24 1.8d listings language file
) (d:/Program Files (x86)/texlive/2022/texmf-dist/tex/latex/listings/lstlang1.sty
File: lstlang1.sty 2020/03/24 1.8d listings language file
) (d:/Program Files (x86)/texlive/2022/texmf-dist/tex/latex/listings/lstlang2.sty
File: lstlang2.sty 2020/03/24 1.8d listings language file
) (d:/Program Files (x86)/texlive/2022/texmf-dist/tex/latex/listings/lstlang3.sty
File: lstlang3.sty 2020/03/24 1.8d listings language file
) (d:/Program Files (x86)/texlive/2022/texmf-dist/tex/latex/listings/lstmisc.sty
File: lstmisc.sty 2020/03/24 1.8d (Carsten Heinz)
)) (d:/Program Files (x86)/texlive/2022/texmf-dist/tex/latex/tools/array.sty
Package: array 2021/10/04 v2.5f Tabular extension package (FMi)
\col@sep=\dimen299
\ar@mcellbox=\box113
\extrarowheight=\dimen300
\NC@list=\toks38
\extratabsurround=\skip124
\backup@length=\skip125
\ar@cellbox=\box114
)
\@quotelevel=\count502
\@quotereset=\count503
 (./elegantpaper-cn.aux)
\openout1 = `elegantpaper-cn.aux'.

LaTeX Font Info:    Checking defaults for OML/ntxmi/m/it on input line 12.
LaTeX Font Info:    Trying to load font information for OML+ntxmi on input line 12.
 (d:/Program Files (x86)/texlive/2022/texmf-dist/tex/latex/newtx/omlntxmi.fd
File: omlntxmi.fd 2015/08/25 Fontinst v1.933 font definitions for OML/ntxmi.
)
LaTeX Font Info:    ... okay on input line 12.
LaTeX Font Info:    Checking defaults for OMS/cmsy/m/n on input line 12.
LaTeX Font Info:    ... okay on input line 12.
LaTeX Font Info:    Checking defaults for OT1/cmr/m/n on input line 12.
LaTeX Font Info:    ... okay on input line 12.
LaTeX Font Info:    Checking defaults for T1/cmr/m/n on input line 12.
LaTeX Font Info:    ... okay on input line 12.
LaTeX Font Info:    Checking defaults for TS1/cmr/m/n on input line 12.
LaTeX Font Info:    ... okay on input line 12.
LaTeX Font Info:    Checking defaults for TU/lmr/m/n on input line 12.
LaTeX Font Info:    ... okay on input line 12.
LaTeX Font Info:    Checking defaults for OMX/cmex/m/n on input line 12.
LaTeX Font Info:    ... okay on input line 12.
LaTeX Font Info:    Checking defaults for U/ntxexa/m/n on input line 12.
LaTeX Font Info:    Trying to load font information for U+ntxexa on input line 12.
 (d:/Program Files (x86)/texlive/2022/texmf-dist/tex/latex/newtx/untxexa.fd
File: untxexa.fd 2012/04/16 Fontinst v1.933 font definitions for U/ntxexa.
)
LaTeX Font Info:    ... okay on input line 12.
LaTeX Font Info:    Checking defaults for PD1/pdf/m/n on input line 12.
LaTeX Font Info:    ... okay on input line 12.
LaTeX Font Info:    Checking defaults for PU/pdf/m/n on input line 12.
LaTeX Font Info:    ... okay on input line 12.
LaTeX Font Info:    Checking defaults for LMS/ntxsy/m/n on input line 12.
LaTeX Font Info:    Trying to load font information for LMS+ntxsy on input line 12.
 (d:/Program Files (x86)/texlive/2022/texmf-dist/tex/latex/newtx/lmsntxsy.fd
File: lmsntxsy.fd 2016/07/02 Fontinst v1.933 font definitions for LMS/ntxsy.
)
LaTeX Font Info:    ... okay on input line 12.
LaTeX Font Info:    Checking defaults for LMX/ntxexx/m/n on input line 12.
LaTeX Font Info:    Trying to load font information for LMX+ntxexx on input line 12.
 (d:/Program Files (x86)/texlive/2022/texmf-dist/tex/latex/newtx/lmxntxexx.fd
File: lmxntxexx.fd 2016/07/03 Fontinst v1.933 font definitions for LMX/ntxexx.
)
LaTeX Font Info:    ... okay on input line 12.
Package hyperref Info: Link coloring ON on input line 12.
 (d:/Program Files (x86)/texlive/2022/texmf-dist/tex/latex/hyperref/nameref.sty
Package: nameref 2021-04-02 v2.47 Cross-referencing by name of section
 (d:/Program Files (x86)/texlive/2022/texmf-dist/tex/latex/refcount/refcount.sty
Package: refcount 2019/12/15 v3.6 Data extraction from label references (HO)
) (d:/Program Files (x86)/texlive/2022/texmf-dist/tex/generic/gettitlestring/gettitlestring.sty
Package: gettitlestring 2019/12/15 v1.6 Cleanup title references (HO)
)
\c@section@level=\count504
)
LaTeX Info: Redefining \ref on input line 12.
LaTeX Info: Redefining \pageref on input line 12.
LaTeX Info: Redefining \nameref on input line 12.
 (./elegantpaper-cn.out) (./elegantpaper-cn.out)
\@outlinefile=\write5
\openout5 = `elegantpaper-cn.out'.


*geometry* driver: auto-detecting
*geometry* detected driver: xetex
*geometry* verbose mode - [ preamble ] result:
* driver: xetex
* paper: a4paper
* layout: <same size as paper>
* layoutoffset:(h,v)=(0.0pt,0.0pt)
* modes: 
* h-part:(L,W,R)=(72.26999pt, 452.9679pt, 72.26999pt)
* v-part:(T,H,B)=(72.26999pt, 700.50687pt, 72.26999pt)
* \paperwidth=597.50787pt
* \paperheight=845.04684pt
* \textwidth=452.9679pt
* \textheight=700.50687pt
* \oddsidemargin=0.0pt
* \evensidemargin=0.0pt
* \topmargin=0.0pt
* \headheight=0.0pt
* \headsep=5.0pt
* \topskip=10.0pt
* \footskip=30.0pt
* \marginparwidth=57.0pt
* \marginparsep=11.0pt
* \columnsep=10.0pt
* \skip\footins=9.0pt plus 4.0pt minus 2.0pt
* \hoffset=0.0pt
* \voffset=0.0pt
* \mag=1000
* \@twocolumnfalse
* \@twosidefalse
* \@mparswitchfalse
* \@reversemarginfalse
* (1in=72.27pt=25.4mm, 1cm=28.453pt)

\c@lstlisting=\count505
Package caption Info: Begin \AtBeginDocument code.
Package caption Info: End \AtBeginDocument code.
Package biblatex Info: Trying to load language 'english'...
Package biblatex Info: ... file 'english.lbx' found.
(d:/Program Files (x86)/texlive/2022/texmf-dist/tex/latex/biblatex/lbx/english.lbx
File: english.lbx 2022/02/02 v3.17 biblatex localization (PK/MW)
)
Package biblatex Info: XeTeX detected.
(biblatex)             Assuming input encoding 'utf8'.
Package biblatex Info: Automatic encoding selection.
(biblatex)             Assuming data encoding 'utf8'.
Package biblatex Info: XeTeX detected.
(biblatex)             Assuming input encoding 'utf8'.
Package biblatex Info: Data encoding 'utf8' specified.
(biblatex)             No need to reencode data.
\openout4 = `elegantpaper-cn-blx.bib'.

Package biblatex Info: Trying to load bibliographic data...
Package biblatex Info: ... file 'elegantpaper-cn.bbl' found.
 (./elegantpaper-cn.bbl
LaTeX Font Info:    Font shape `TU/texgyretermes(0)/m/n' will be
(Font)              scaled to size 8.0pt on input line 37.
Invalid UTF-8 byte or sequence at line 44 replaced by U+FFFD.
Invalid UTF-8 byte or sequence at line 45 replaced by U+FFFD.
Invalid UTF-8 byte or sequence at line 66 replaced by U+FFFD.
Invalid UTF-8 byte or sequence at line 67 replaced by U+FFFD.
Invalid UTF-8 byte or sequence at line 87 replaced by U+FFFD.
Invalid UTF-8 byte or sequence at line 87 replaced by U+FFFD.
Invalid UTF-8 byte or sequence at line 89 replaced by U+FFFD.
Invalid UTF-8 byte or sequence at line 91 replaced by U+FFFD.
Invalid UTF-8 byte or sequence at line 93 replaced by U+FFFD.
Invalid UTF-8 byte or sequence at line 93 replaced by U+FFFD.
Invalid UTF-8 byte or sequence at line 95 replaced by U+FFFD.
Invalid UTF-8 byte or sequence at line 97 replaced by U+FFFD.
Invalid UTF-8 byte or sequence at line 99 replaced by U+FFFD.
Invalid UTF-8 byte or sequence at line 99 replaced by U+FFFD.
Invalid UTF-8 byte or sequence at line 101 replaced by U+FFFD.
Invalid UTF-8 byte or sequence at line 103 replaced by U+FFFD.
Invalid UTF-8 byte or sequence at line 107 replaced by U+FFFD.
Invalid UTF-8 byte or sequence at line 107 replaced by U+FFFD.
Invalid UTF-8 byte or sequence at line 107 replaced by U+FFFD.
Invalid UTF-8 byte or sequence at line 107 replaced by U+FFFD.
Invalid UTF-8 byte or sequence at line 107 replaced by U+FFFD.
Invalid UTF-8 byte or sequence at line 107 replaced by U+FFFD.
Invalid UTF-8 byte or sequence at line 108 replaced by U+FFFD.
Invalid UTF-8 byte or sequence at line 108 replaced by U+FFFD.
Invalid UTF-8 byte or sequence at line 108 replaced by U+FFFD.
Invalid UTF-8 byte or sequence at line 108 replaced by U+FFFD.
Invalid UTF-8 byte or sequence at line 108 replaced by U+FFFD.
Invalid UTF-8 byte or sequence at line 108 replaced by U+FFFD.
Invalid UTF-8 byte or sequence at line 111 replaced by U+FFFD.
Invalid UTF-8 byte or sequence at line 112 replaced by U+FFFD.
Invalid UTF-8 byte or sequence at line 123 replaced by U+FFFD.
Invalid UTF-8 byte or sequence at line 132 replaced by U+FFFD.
Invalid UTF-8 byte or sequence at line 132 replaced by U+FFFD.
Invalid UTF-8 byte or sequence at line 134 replaced by U+FFFD.
Invalid UTF-8 byte or sequence at line 136 replaced by U+FFFD.
Invalid UTF-8 byte or sequence at line 138 replaced by U+FFFD.
Invalid UTF-8 byte or sequence at line 138 replaced by U+FFFD.
Invalid UTF-8 byte or sequence at line 140 replaced by U+FFFD.
Invalid UTF-8 byte or sequence at line 142 replaced by U+FFFD.
Invalid UTF-8 byte or sequence at line 144 replaced by U+FFFD.
Invalid UTF-8 byte or sequence at line 144 replaced by U+FFFD.
Invalid UTF-8 byte or sequence at line 146 replaced by U+FFFD.
Invalid UTF-8 byte or sequence at line 148 replaced by U+FFFD.
Invalid UTF-8 byte or sequence at line 150 replaced by U+FFFD.
Invalid UTF-8 byte or sequence at line 150 replaced by U+FFFD.
Invalid UTF-8 byte or sequence at line 152 replaced by U+FFFD.
Invalid UTF-8 byte or sequence at line 154 replaced by U+FFFD.
Invalid UTF-8 byte or sequence at line 158 replaced by U+FFFD.
Invalid UTF-8 byte or sequence at line 158 replaced by U+FFFD.
Invalid UTF-8 byte or sequence at line 159 replaced by U+FFFD.
Invalid UTF-8 byte or sequence at line 159 replaced by U+FFFD.
Invalid UTF-8 byte or sequence at line 159 replaced by U+FFFD.
Invalid UTF-8 byte or sequence at line 159 replaced by U+FFFD.
Invalid UTF-8 byte or sequence at line 159 replaced by U+FFFD.
Invalid UTF-8 byte or sequence at line 159 replaced by U+FFFD.
Invalid UTF-8 byte or sequence at line 159 replaced by U+FFFD.
Invalid UTF-8 byte or sequence at line 159 replaced by U+FFFD.
Invalid UTF-8 byte or sequence at line 162 replaced by U+FFFD.
Invalid UTF-8 byte or sequence at line 163 replaced by U+FFFD.
Invalid UTF-8 byte or sequence at line 173 replaced by U+FFFD.
Invalid UTF-8 byte or sequence at line 182 replaced by U+FFFD.
Invalid UTF-8 byte or sequence at line 182 replaced by U+FFFD.
Invalid UTF-8 byte or sequence at line 184 replaced by U+FFFD.
Invalid UTF-8 byte or sequence at line 186 replaced by U+FFFD.
Invalid UTF-8 byte or sequence at line 188 replaced by U+FFFD.
Invalid UTF-8 byte or sequence at line 188 replaced by U+FFFD.
Invalid UTF-8 byte or sequence at line 190 replaced by U+FFFD.
Invalid UTF-8 byte or sequence at line 192 replaced by U+FFFD.
Invalid UTF-8 byte or sequence at line 194 replaced by U+FFFD.
Invalid UTF-8 byte or sequence at line 194 replaced by U+FFFD.
Invalid UTF-8 byte or sequence at line 196 replaced by U+FFFD.
Invalid UTF-8 byte or sequence at line 198 replaced by U+FFFD.
Invalid UTF-8 byte or sequence at line 200 replaced by U+FFFD.
Invalid UTF-8 byte or sequence at line 200 replaced by U+FFFD.
Invalid UTF-8 byte or sequence at line 202 replaced by U+FFFD.
Invalid UTF-8 byte or sequence at line 204 replaced by U+FFFD.
Invalid UTF-8 byte or sequence at line 208 replaced by U+FFFD.
Invalid UTF-8 byte or sequence at line 208 replaced by U+FFFD.
Invalid UTF-8 byte or sequence at line 209 replaced by U+FFFD.
Invalid UTF-8 byte or sequence at line 209 replaced by U+FFFD.
Invalid UTF-8 byte or sequence at line 209 replaced by U+FFFD.
Invalid UTF-8 byte or sequence at line 209 replaced by U+FFFD.
Invalid UTF-8 byte or sequence at line 209 replaced by U+FFFD.
Invalid UTF-8 byte or sequence at line 209 replaced by U+FFFD.
Invalid UTF-8 byte or sequence at line 209 replaced by U+FFFD.
Invalid UTF-8 byte or sequence at line 209 replaced by U+FFFD.
Invalid UTF-8 byte or sequence at line 212 replaced by U+FFFD.
Invalid UTF-8 byte or sequence at line 213 replaced by U+FFFD.
Invalid UTF-8 byte or sequence at line 227 replaced by U+FFFD.
)
Package biblatex Info: Reference section=0 on input line 12.
Package biblatex Info: Reference segment=0 on input line 12.
 (d:/Program Files (x86)/texlive/2022/texmf-dist/tex/latex/footmisc/footmisc.sty
Package: footmisc 2022/03/08 v6.0d a miscellany of footnote facilities
\FN@temptoken=\toks39
\footnotemargin=\dimen301
\@outputbox@depth=\dimen302
Package footmisc Info: Declaring symbol style bringhurst on input line 695.
Package footmisc Info: Declaring symbol style chicago on input line 703.
Package footmisc Info: Declaring symbol style wiley on input line 712.
Package footmisc Info: Declaring symbol style lamport-robust on input line 723.
Package footmisc Info: Declaring symbol style lamport* on input line 743.
Package footmisc Info: Declaring symbol style lamport*-robust on input line 764.
)
LaTeX Font Info:    Font shape `TU/texgyretermes(0)/m/n' will be
(Font)              scaled to size 17.28pt on input line 14.
LaTeX Font Info:    Font shape `TU/texgyretermes(0)/b/n' will be
(Font)              scaled to size 17.28pt on input line 14.
LaTeX Font Info:    Font shape `TU/texgyretermes(0)/m/n' will be
(Font)              scaled to size 12.0pt on input line 14.
LaTeX Font Info:    Font shape `TU/texgyretermes(0)/m/n' will be
(Font)              scaled to size 9.0pt on input line 14.
LaTeX Font Info:    Trying to load font information for OT1+texgyretermes(0) on input line 14.
LaTeX Font Info:    No file OT1texgyretermes(0).fd. on input line 14.


LaTeX Font Warning: Font shape `OT1/texgyretermes(0)/m/n' undefined
(Font)              using `OT1/cmr/m/n' instead on input line 14.

LaTeX Font Info:    Trying to load font information for U+msa on input line 14.
(d:/Program Files (x86)/texlive/2022/texmf-dist/tex/latex/amsfonts/umsa.fd
File: umsa.fd 2013/01/14 v3.01 AMS symbols A
)
LaTeX Font Info:    Trying to load font information for U+msb on input line 14.
 (d:/Program Files (x86)/texlive/2022/texmf-dist/tex/latex/amsfonts/umsb.fd
File: umsb.fd 2013/01/14 v3.01 AMS symbols B
)
LaTeX Font Info:    Trying to load font information for U+ntxmia on input line 14.
 (d:/Program Files (x86)/texlive/2022/texmf-dist/tex/latex/newtx/untxmia.fd
File: untxmia.fd 2018/04/14 Fontinst v1.933 font definitions for U/ntxmia.
)
LaTeX Font Info:    Trying to load font information for U+ntxsym on input line 14.
 (d:/Program Files (x86)/texlive/2022/texmf-dist/tex/latex/newtx/untxsym.fd
File: untxsym.fd 2015/03/20 Fontinst v1.933 font definitions for U/ntxsym.
)
LaTeX Font Info:    Trying to load font information for U+ntxsyc on input line 14.
 (d:/Program Files (x86)/texlive/2022/texmf-dist/tex/latex/newtx/untxsyc.fd
File: untxsyc.fd 2012/04/12 Fontinst v1.933 font definitions for U/ntxsyc.
)
LaTeX Font Info:    Trying to load font information for U+esint on input line 14.
 (d:/Program Files (x86)/texlive/2022/texmf-dist/tex/latex/esint/uesint.fd
File: uesint.fd 
)
LaTeX Font Info:    Font shape `TU/texgyretermes(0)/b/n' will be
(Font)              scaled to size 9.0pt on input line 16.
LaTeX Font Info:    Font shape `TU/texgyretermes(0)/m/n' will be
(Font)              scaled to size 14.4pt on input line 24.
LaTeX Font Info:    Font shape `TU/texgyretermes(0)/b/n' will be
(Font)              scaled to size 14.4pt on input line 24.
LaTeX Font Info:    Font shape `TU/texgyretermes(0)/m/it' will be
(Font)              scaled to size 10.0pt on input line 25.
File: image//direction information.png Graphic file (type bmp)
<image//direction information.png>
File: image//circular formation.png Graphic file (type bmp)
<image//circular formation.png>
LaTeX Font Info:    Font shape `TU/texgyretermes(0)/m/n' will be
(Font)              scaled to size 7.3pt on input line 55.
LaTeX Font Info:    Font shape `TU/texgyretermes(0)/m/n' will be
(Font)              scaled to size 6.2pt on input line 55.
 [1

]
LaTeX Font Info:    Font shape `TU/texgyretermes(0)/b/n' will be
(Font)              scaled to size 12.0pt on input line 78.
 [2]
LaTeX Font Info:    Font shape `TU/texgyretermes(0)/b/n' will be
(Font)              scaled to size 10.0pt on input line 112.
 [3]
LaTeX Font Info:    Font shape `TU/texgyretermes(0)/b/it' will be
(Font)              scaled to size 10.0pt on input line 160.
 [4]
LaTeX Font Info:    Font shape `TU/texgyretermes(0)/b/n' will be
(Font)              scaled to size 7.0pt on input line 211.
File: image//initial location.jpg Graphic file (type bmp)
<image//initial location.jpg>
File: image//final location.jpg Graphic file (type bmp)
<image//final location.jpg>
 [5]
LaTeX Font Info:    Font shape `TU/texgyretermes(0)/m/it' will be
(Font)              scaled to size 8.0pt on input line 307.
LaTeX Font Info:    Font shape `TU/texgyretermes(0)/m/sc' will be
(Font)              scaled to size 8.0pt on input line 307.
 [6] [7] (./elegantpaper-cn.aux)

LaTeX Font Warning: Some font shapes were not available, defaults substituted.

Package rerunfilecheck Info: File `elegantpaper-cn.out' has not changed.
(rerunfilecheck)             Checksum: 864341EDDCE1EFD9F9B6AB45287CFA24;2786.
Package logreq Info: Writing requests to 'elegantpaper-cn.run.xml'.
\openout1 = `elegantpaper-cn.run.xml'.

 ) 
Here is how much of TeX's memory you used:
 31419 strings out of 476179
 618836 string characters out of 5804253
 1366515 words of memory out of 5000000
 51650 multiletter control sequences out of 15000+600000
 495627 words of font info for 157 fonts, out of 8000000 for 9000
 1348 hyphenation exceptions out of 8191
 88i,16n,136p,1850b,5092s stack positions out of 10000i,1000n,20000p,200000b,200000s

Output written on elegantpaper-cn.pdf (7 pages).
